<?xml version="1.0" encoding="UTF-8"?>
<testsuites>
  <testsuite name="fastlane.lanes">
    
    
    
      
      <testcase classname="fastlane.lanes" name="0: flutter build ios --release --flavor production -t lib/main_production.dart" time="142.54232">
        
          <failure message="/opt/homebrew/Cellar/fastlane/2.213.0/libexec/gems/fastlane-2.213.0/fastlane/lib/fastlane/actions/actions_helper.rb:67:in `execute_action&apos;&#10;/opt/homebrew/Cellar/fastlane/2.213.0/libexec/gems/fastlane-2.213.0/fastlane/lib/fastlane/fast_file.rb:222:in `sh&apos;&#10;/opt/homebrew/Cellar/fastlane/2.213.0/libexec/gems/fastlane-2.213.0/fastlane/lib/fastlane/fast_file.rb:216:in `sh&apos;&#10;Fastfile:9:in `block (2 levels) in parsing_binding&apos;&#10;/opt/homebrew/Cellar/fastlane/2.213.0/libexec/gems/fastlane-2.213.0/fastlane/lib/fastlane/lane.rb:33:in `call&apos;&#10;/opt/homebrew/Cellar/fastlane/2.213.0/libexec/gems/fastlane-2.213.0/fastlane/lib/fastlane/runner.rb:49:in `block in execute&apos;&#10;/opt/homebrew/Cellar/fastlane/2.213.0/libexec/gems/fastlane-2.213.0/fastlane/lib/fastlane/runner.rb:45:in `chdir&apos;&#10;/opt/homebrew/Cellar/fastlane/2.213.0/libexec/gems/fastlane-2.213.0/fastlane/lib/fastlane/runner.rb:45:in `execute&apos;&#10;/opt/homebrew/Cellar/fastlane/2.213.0/libexec/gems/fastlane-2.213.0/fastlane/lib/fastlane/lane_manager.rb:47:in `cruise_lane&apos;&#10;/opt/homebrew/Cellar/fastlane/2.213.0/libexec/gems/fastlane-2.213.0/fastlane/lib/fastlane/command_line_handler.rb:36:in `handle&apos;&#10;/opt/homebrew/Cellar/fastlane/2.213.0/libexec/gems/fastlane-2.213.0/fastlane/lib/fastlane/commands_generator.rb:110:in `block (2 levels) in run&apos;&#10;/opt/homebrew/Cellar/fastlane/2.213.0/libexec/gems/commander-4.6.0/lib/commander/command.rb:187:in `call&apos;&#10;/opt/homebrew/Cellar/fastlane/2.213.0/libexec/gems/commander-4.6.0/lib/commander/command.rb:157:in `run&apos;&#10;/opt/homebrew/Cellar/fastlane/2.213.0/libexec/gems/commander-4.6.0/lib/commander/runner.rb:444:in `run_active_command&apos;&#10;/opt/homebrew/Cellar/fastlane/2.213.0/libexec/gems/fastlane-2.213.0/fastlane_core/lib/fastlane_core/ui/fastlane_runner.rb:124:in `run!&apos;&#10;/opt/homebrew/Cellar/fastlane/2.213.0/libexec/gems/commander-4.6.0/lib/commander/delegates.rb:18:in `run!&apos;&#10;/opt/homebrew/Cellar/fastlane/2.213.0/libexec/gems/fastlane-2.213.0/fastlane/lib/fastlane/commands_generator.rb:354:in `run&apos;&#10;/opt/homebrew/Cellar/fastlane/2.213.0/libexec/gems/fastlane-2.213.0/fastlane/lib/fastlane/commands_generator.rb:43:in `start&apos;&#10;/opt/homebrew/Cellar/fastlane/2.213.0/libexec/gems/fastlane-2.213.0/fastlane/lib/fastlane/cli_tools_distributor.rb:123:in `take_off&apos;&#10;/opt/homebrew/Cellar/fastlane/2.213.0/libexec/gems/fastlane-2.213.0/bin/fastlane:23:in `&lt;top (required)&gt;&apos;&#10;/opt/homebrew/Cellar/fastlane/2.213.0/libexec/bin/fastlane:25:in `load&apos;&#10;/opt/homebrew/Cellar/fastlane/2.213.0/libexec/bin/fastlane:25:in `&lt;main&gt;&apos;&#10;&#10;Exit status of command &apos;flutter build ios --release --flavor production -t lib/main_production.dart&apos; was 1 instead of 0.&#10;Changing current working directory to: /Users/kyo/Desktop/smartez/mulstore/mulstore-app&#10;Building mulstorebb.smatez.com for device (ios-release)...&#10;Automatically signing iOS for device deployment using specified development team in Xcode project: 65PM9HQ2W7&#10;Running Xcode build...                                          &#10;Xcode build done.                                           130.0s&#10;Failed to build iOS app&#10;Error (Xcode): Target release_ios_bundle_flutter_assets failed: IconTreeShakerException: Font subsetting failed with exit code -9.&#10;&#10;Encountered error while building for device.&#10;" />
        
      </testcase>
    
  </testsuite>
</testsuites>
